{"C:\\Users\\diego\\Documents\\Programacion\\JavaScript\\Ejercicios JS\\test-para-ejercicios\\ejercicio2\\Ejercicio2.js": {"path":"C:\\Users\\diego\\Documents\\Programacion\\JavaScript\\Ejercicios JS\\test-para-ejercicios\\ejercicio2\\Ejercicio2.js","all":false,"statementMap":{"0":{"start":{"line":1,"column":0},"end":{"line":1,"column":27}},"1":{"start":{"line":2,"column":0},"end":{"line":2,"column":55}},"2":{"start":{"line":3,"column":0},"end":{"line":3,"column":4}},"3":{"start":{"line":4,"column":0},"end":{"line":4,"column":35}},"4":{"start":{"line":5,"column":0},"end":{"line":5,"column":3}},"5":{"start":{"line":6,"column":0},"end":{"line":6,"column":1}},"6":{"start":{"line":7,"column":0},"end":{"line":7,"column":28}}},"s":{"0":2,"1":2,"2":2,"3":2,"4":2,"5":2,"6":1},"branchMap":{"0":{"type":"branch","line":1,"loc":{"start":{"line":1,"column":0},"end":{"line":6,"column":1}},"locations":[{"start":{"line":1,"column":0},"end":{"line":6,"column":1}}]}},"b":{"0":[2]},"fnMap":{"0":{"name":"palindromo","decl":{"start":{"line":1,"column":0},"end":{"line":6,"column":1}},"loc":{"start":{"line":1,"column":0},"end":{"line":6,"column":1}},"line":1}},"f":{"0":2}}
}
